2018-06-04T01:48:45.111Z - normal: Load ~/.CocosCreator/settings.json
2018-06-04T01:48:45.114Z - normal: checking language setting...
2018-06-04T01:48:45.114Z - normal: Language: zh
2018-06-04T01:48:45.820Z - success: protocol editor-framework registered
2018-06-04T01:48:45.821Z - success: protocol app registered
2018-06-04T01:48:45.821Z - success: protocol theme registered
2018-06-04T01:48:45.821Z - success: protocol packages registered
2018-06-04T01:48:45.821Z - success: protocol unpack registerred
2018-06-04T01:48:45.821Z - success: protocol disable-commonjs registerred
2018-06-04T01:48:46.174Z - normal: connected!
2018-06-04T01:48:46.176Z - normal: Check project /Users/mac/MatchVsGames/birdWar
2018-06-04T01:48:46.178Z - normal: Initializing Cocos2d
2018-06-04T01:48:46.412Z - normal: Initializing Asset Database
2018-06-04T01:48:46.445Z - success: protocol uuid registerred
2018-06-04T01:48:46.445Z - success: protocol db registerred
2018-06-04T01:48:46.446Z - success: protocol thumbnail registerred
2018-06-04T01:48:46.446Z - normal: Loading editor/builtin packages
2018-06-04T01:48:46.465Z - success: anysdk loaded
2018-06-04T01:48:46.580Z - success: assets loaded
2018-06-04T01:48:46.583Z - success: builder loaded
2018-06-04T01:48:46.585Z - success: cocos-analytics loaded
2018-06-04T01:48:46.589Z - success: console loaded
2018-06-04T01:48:46.623Z - success: fb-instant-games loaded
2018-06-04T01:48:46.627Z - success: hierarchy loaded
2018-06-04T01:48:46.631Z - success: inspector loaded
2018-06-04T01:48:46.633Z - success: keystore loaded
2018-06-04T01:48:46.642Z - success: node-library loaded
2018-06-04T01:48:46.644Z - success: package-asset loaded
2018-06-04T01:48:46.646Z - success: preferences loaded
2018-06-04T01:48:46.649Z - success: project-exporter loaded
2018-06-04T01:48:46.665Z - success: project-importer loaded
2018-06-04T01:48:46.673Z - success: project-settings loaded
2018-06-04T01:48:46.677Z - success: ui-kit loaded
2018-06-04T01:48:46.682Z - success: ui-grid loaded
2018-06-04T01:48:46.690Z - success: scene loaded
2018-06-04T01:48:46.692Z - success: sprite-editor loaded
2018-06-04T01:48:46.696Z - success: store loaded
2018-06-04T01:48:46.701Z - success: timeline loaded
2018-06-04T01:48:46.701Z - normal: Loading builtin packages
2018-06-04T01:48:46.708Z - success: asset-db-debugger loaded
2018-06-04T01:48:46.709Z - success: color-picker loaded
2018-06-04T01:48:46.712Z - success: package-manager loaded
2018-06-04T01:48:46.717Z - success: sdkbox loaded
2018-06-04T01:48:46.724Z - success: tester loaded
2018-06-04T01:48:46.727Z - success: ui-kit-preview-extra loaded
2018-06-04T01:48:46.730Z - success: ui-kit-preview loaded
2018-06-04T01:48:46.733Z - success: ui-tree loaded
2018-06-04T01:48:47.736Z - normal: Initializing project /Users/mac/MatchVsGames/birdWar
2018-06-04T01:48:47.740Z - normal: Loading packages
2018-06-04T01:48:47.751Z - success: plugin-matchvs loaded
2018-06-04T01:48:47.752Z - normal: Watching packages
2018-06-04T01:48:47.798Z - normal: Run Application
2018-06-04T01:48:49.482Z - success: preview server running at http://localhost:7458
2018-06-04T01:48:56.182Z - normal: 1.9.0
